TN:
SF:app/controllers/about.controller.js
FN:2,getPage
FNF:1
FNH:0
FNDA:0,getPage
DA:1,1
DA:2,1
DA:3,0
DA:4,0
DA:5,0
DA:6,0
DA:7,0
DA:8,0
DA:9,1
LF:9
LH:3
BRF:0
BRH:0
end_of_record
TN:
SF:app/controllers/index.js
FN:1,get
FN:2,get
FN:3,get
FN:4,get
FNF:4
FNH:1
FNDA:1,get
FNDA:0,get
FNDA:0,get
FNDA:0,get
DA:1,1
DA:2,0
DA:3,0
DA:4,0
LF:4
LH:1
BRDA:1,0,0,1
BRDA:1,1,0,0
BRDA:1,2,0,0
BRDA:1,3,0,0
BRDA:1,4,0,1
BRDA:2,5,0,1
BRDA:2,6,0,0
BRDA:2,7,0,0
BRDA:2,8,0,0
BRDA:3,9,0,1
BRDA:3,10,0,0
BRDA:3,11,0,0
BRDA:3,12,0,0
BRDA:4,13,0,1
BRDA:4,14,0,0
BRDA:4,15,0,0
BRDA:4,16,0,0
BRF:17
BRH:5
end_of_record
TN:
SF:app/controllers/monitor.controller.js
FN:5,getStats
FNF:1
FNH:1
FNDA:2,getStats
DA:1,1
DA:2,1
DA:3,1
DA:4,1
DA:5,1
DA:6,2
DA:7,2
DA:8,2
DA:9,2
DA:10,2
DA:11,2
DA:12,0
DA:13,0
DA:14,2
DA:15,1
LF:15
LH:13
BRDA:5,0,0,2
BRDA:11,1,0,0
BRF:2
BRH:1
end_of_record
TN:
SF:app/controllers/root.controller.js
FN:5,get
FN:14,getById
FN:23,post
FN:31,put
FN:40,delete
FNF:5
FNH:0
FNDA:0,get
FNDA:0,getById
FNDA:0,post
FNDA:0,put
FNDA:0,delete
DA:1,1
DA:2,1
DA:3,1
DA:4,1
DA:5,1
DA:6,0
DA:7,0
DA:8,0
DA:9,0
DA:10,0
DA:11,0
DA:12,0
DA:13,1
DA:14,1
DA:15,0
DA:16,0
DA:17,0
DA:18,0
DA:19,0
DA:20,0
DA:21,0
DA:22,1
DA:23,1
DA:24,0
DA:25,0
DA:26,0
DA:27,0
DA:28,0
DA:29,0
DA:30,1
DA:31,1
DA:32,0
DA:33,0
DA:34,0
DA:35,0
DA:36,0
DA:37,0
DA:38,0
DA:39,1
DA:40,1
DA:41,0
DA:42,0
DA:43,0
DA:44,0
DA:45,0
DA:46,0
DA:47,0
DA:48,0
DA:49,1
LF:49
LH:14
BRF:0
BRH:0
end_of_record
TN:
SF:app/controllers/state.controller.js
FN:7,setCookie
FN:16,deleteCookie
FN:25,sessionManager
FNF:3
FNH:0
FNDA:0,setCookie
FNDA:0,deleteCookie
FNDA:0,sessionManager
DA:1,1
DA:2,1
DA:3,1
DA:4,1
DA:5,1
DA:6,1
DA:7,1
DA:8,0
DA:9,0
DA:10,0
DA:11,0
DA:12,0
DA:13,0
DA:14,0
DA:15,1
DA:16,1
DA:17,0
DA:18,0
DA:19,0
DA:20,0
DA:21,0
DA:22,0
DA:23,0
DA:24,1
DA:25,1
DA:26,0
DA:27,0
DA:28,0
DA:29,0
DA:30,0
DA:31,0
DA:32,0
DA:33,0
DA:34,0
DA:35,0
DA:36,0
DA:37,0
DA:38,0
DA:39,0
DA:40,1
LF:40
LH:12
BRF:0
BRH:0
end_of_record
TN:
SF:app/database/blog.js
FNF:0
FNH:0
DA:1,1
DA:2,1
DA:3,1
DA:4,1
DA:5,1
DA:6,1
DA:7,1
DA:8,1
DA:9,1
DA:10,1
DA:11,1
DA:12,1
DA:13,1
DA:14,1
DA:15,1
DA:16,1
DA:17,1
DA:18,1
DA:19,1
DA:20,1
DA:21,1
DA:22,1
DA:23,1
DA:24,1
DA:25,1
LF:25
LH:25
BRF:0
BRH:0
end_of_record
TN:
SF:app/database/index.js
FN:1,get
FN:2,get
FNF:2
FNH:2
FNDA:20,get
FNDA:13,get
DA:1,20
DA:2,13
LF:2
LH:2
BRDA:1,0,0,3
BRDA:1,1,0,0
BRDA:1,2,0,0
BRDA:1,3,0,0
BRDA:1,4,0,20
BRDA:2,5,0,3
BRDA:2,6,0,0
BRDA:2,7,0,0
BRDA:2,8,0,0
BRDA:2,9,0,13
BRF:10
BRH:4
end_of_record
TN:
SF:app/database/testing.js
FN:7,createInstance
FN:11,connectDB
FN:21,closeDB
FN:27,clearDB
FNF:4
FNH:4
FNDA:1,createInstance
FNDA:1,connectDB
FNDA:1,closeDB
FNDA:10,clearDB
DA:1,1
DA:2,1
DA:3,1
DA:4,1
DA:5,1
DA:6,1
DA:7,1
DA:8,1
DA:9,1
DA:10,1
DA:11,1
DA:12,1
DA:13,1
DA:14,1
DA:15,1
DA:16,1
DA:17,1
DA:18,1
DA:19,1
DA:20,1
DA:21,1
DA:22,1
DA:23,1
DA:24,1
DA:25,1
DA:26,1
DA:27,1
DA:28,10
DA:29,10
DA:30,10
DA:31,10
DA:32,10
DA:33,10
DA:34,1
DA:35,1
DA:36,1
DA:37,1
DA:38,1
DA:39,1
DA:40,1
LF:40
LH:40
BRDA:7,0,0,1
BRDA:11,1,0,1
BRDA:21,2,0,1
BRDA:27,3,0,10
BRF:4
BRH:4
end_of_record
TN:
SF:app/routes/monitor.routes.js
FN:4,MonitorRoute
FNF:1
FNH:1
FNDA:1,MonitorRoute
DA:1,1
DA:2,1
DA:3,1
DA:4,1
DA:5,1
DA:6,1
DA:7,1
DA:8,1
DA:9,1
LF:9
LH:9
BRDA:4,0,0,1
BRF:1
BRH:1
end_of_record
TN:
SF:app/services/index.js
FN:1,get
FN:2,get
FN:3,get
FNF:3
FNH:1
FNDA:4,get
FNDA:0,get
FNDA:0,get
DA:1,4
DA:2,0
DA:3,0
LF:3
LH:1
BRDA:1,0,0,2
BRDA:1,1,0,0
BRDA:1,2,0,0
BRDA:1,3,0,0
BRDA:1,4,0,4
BRDA:2,5,0,2
BRDA:2,6,0,0
BRDA:2,7,0,0
BRDA:2,8,0,0
BRDA:3,9,0,2
BRDA:3,10,0,0
BRDA:3,11,0,0
BRDA:3,12,0,0
BRF:13
BRH:4
end_of_record
TN:
SF:app/services/monitor.service.js
FN:6,getDate
FN:9,getHeaders
FNF:2
FNH:2
FNDA:3,getDate
FNDA:3,getHeaders
DA:1,1
DA:2,1
DA:3,1
DA:4,1
DA:5,1
DA:6,1
DA:7,3
DA:8,1
DA:9,1
DA:10,3
DA:11,3
DA:12,3
DA:13,3
DA:14,3
DA:15,3
DA:16,3
DA:17,1
LF:17
LH:17
BRDA:6,0,0,3
BRDA:9,1,0,3
BRF:2
BRH:2
end_of_record
TN:
SF:app/services/root.services.js
FN:3,get
FN:15,getById
FN:26,post
FN:36,put
FN:49,drop
FNF:5
FNH:5
FNDA:2,get
FNDA:2,getById
FNDA:2,post
FNDA:2,put
FNDA:2,drop
DA:1,1
DA:2,1
DA:3,1
DA:4,2
DA:5,2
DA:6,2
DA:7,1
DA:8,1
DA:9,1
DA:10,1
DA:11,1
DA:12,1
DA:13,2
DA:14,1
DA:15,1
DA:16,2
DA:17,2
DA:18,2
DA:19,2
DA:20,1
DA:21,1
DA:22,1
DA:23,1
DA:24,2
DA:25,1
DA:26,1
DA:27,2
DA:28,2
DA:29,2
DA:30,1
DA:31,1
DA:32,1
DA:33,1
DA:34,2
DA:35,1
DA:36,1
DA:37,2
DA:38,2
DA:39,2
DA:40,2
DA:41,2
DA:42,2
DA:43,1
DA:44,1
DA:45,1
DA:46,1
DA:47,2
DA:48,1
DA:49,1
DA:50,2
DA:51,2
DA:52,2
DA:53,2
DA:54,2
DA:55,1
DA:56,1
DA:57,1
DA:58,1
DA:59,2
DA:60,1
DA:61,1
DA:62,1
DA:63,1
DA:64,1
DA:65,1
DA:66,1
DA:67,1
LF:67
LH:67
BRDA:3,0,0,2
BRDA:6,1,0,1
BRDA:15,2,0,2
BRDA:19,3,0,1
BRDA:26,4,0,2
BRDA:29,5,0,1
BRDA:36,6,0,2
BRDA:42,7,0,1
BRDA:49,8,0,2
BRDA:54,9,0,0
BRDA:54,10,0,1
BRF:11
BRH:10
end_of_record
TN:
SF:app/services/state.services.js
FN:4,setCookie
FN:7,deleteCookie
FN:10,createSession
FN:13,updateSession
FNF:4
FNH:0
FNDA:0,setCookie
FNDA:0,deleteCookie
FNDA:0,createSession
FNDA:0,updateSession
DA:1,1
DA:2,1
DA:3,1
DA:4,1
DA:5,0
DA:6,1
DA:7,1
DA:8,0
DA:9,1
DA:10,1
DA:11,0
DA:12,1
DA:13,1
DA:14,0
DA:15,0
DA:16,1
LF:16
LH:11
BRF:0
BRH:0
end_of_record
TN:
SF:app/views/index.js
FNF:0
FNH:0
DA:1,1
DA:2,1
DA:3,1
DA:4,1
LF:4
LH:4
BRF:0
BRH:0
end_of_record
